[18:15:12] [main/INFO]: Environment: authHost='https://authserver.mojang.com', accountsHost='https://api.mojang.com', sessionHost='https://sessionserver.mojang.com', servicesHost='https://api.minecraftservices.com', name='PROD'
[18:15:13] [main/WARN]: Ambiguity between arguments [teleport, destination] and [teleport, targets] with inputs: [Player, 0123, @e, dd12be42-52a9-4a91-a8a1-11c01849e498]
[18:15:13] [main/WARN]: Ambiguity between arguments [teleport, location] and [teleport, destination] with inputs: [0.1 -0.5 .9, 0 0 0]
[18:15:13] [main/WARN]: Ambiguity between arguments [teleport, location] and [teleport, targets] with inputs: [0.1 -0.5 .9, 0 0 0]
[18:15:13] [main/WARN]: Ambiguity between arguments [teleport, targets] and [teleport, destination] with inputs: [Player, 0123, dd12be42-52a9-4a91-a8a1-11c01849e498]
[18:15:13] [main/WARN]: Ambiguity between arguments [teleport, targets, location] and [teleport, targets, destination] with inputs: [0.1 -0.5 .9, 0 0 0]
[18:15:13] [main/INFO]: Reloading ResourceManager: Default
[18:15:14] [Worker-Main-11/INFO]: Loaded 7 recipes
[18:15:14] [Worker-Main-11/INFO]: Loaded 927 advancements
[18:15:16] [Server thread/INFO]: Starting minecraft server version 1.16.5
[18:15:16] [Server thread/INFO]: Loading properties
[18:15:16] [Server thread/INFO]: Default game type: SURVIVAL
[18:15:16] [Server thread/INFO]: Generating keypair
[18:15:16] [Server thread/INFO]: Starting Minecraft server on *:25565
[18:15:16] [Server thread/INFO]: Using epoll channel type
[18:15:16] [Server thread/WARN]: **** SERVER IS RUNNING IN OFFLINE/INSECURE MODE!
[18:15:16] [Server thread/WARN]: The server will make no attempt to authenticate usernames. Beware.
[18:15:16] [Server thread/WARN]: While this makes the game possible to play without internet access, it also opens up the ability for hackers to connect with any username they choose.
[18:15:16] [Server thread/WARN]: To change this, set "online-mode" to "true" in the server.properties file.
[18:15:16] [Server thread/INFO]: Preparing level "world"
[18:15:16] [Server thread/INFO]: Preparing start region for dimension minecraft:overworld
[18:15:19] [Server thread/INFO]: Preparing spawn area: 0%
[18:15:19] [Server thread/INFO]: Preparing spawn area: 0%
[18:15:19] [Server thread/INFO]: Preparing spawn area: 0%
[18:15:19] [Server thread/INFO]: Preparing spawn area: 0%
[18:15:19] [Server thread/INFO]: Preparing spawn area: 0%
[18:15:19] [Server thread/INFO]: Preparing spawn area: 0%
[18:15:19] [Server thread/INFO]: Preparing spawn area: 47%
[18:15:22] [Worker-Main-13/INFO]: Preparing spawn area: 83%
[18:15:22] [Worker-Main-15/INFO]: Preparing spawn area: 83%
[18:15:22] [Worker-Main-15/INFO]: Preparing spawn area: 83%
[18:15:22] [Worker-Main-12/INFO]: Preparing spawn area: 83%
[18:15:22] [Worker-Main-12/INFO]: Preparing spawn area: 83%
[18:15:22] [Worker-Main-14/INFO]: Preparing spawn area: 83%
[18:15:23] [Worker-Main-9/INFO]: Preparing spawn area: 83%
[18:15:23] [Worker-Main-12/INFO]: Preparing spawn area: 83%
[18:15:24] [Worker-Main-13/INFO]: Preparing spawn area: 83%
[18:15:24] [Worker-Main-9/INFO]: Preparing spawn area: 83%
[18:15:25] [Worker-Main-10/INFO]: Preparing spawn area: 84%
[18:15:25] [Worker-Main-10/INFO]: Preparing spawn area: 84%
[18:15:26] [Server thread/INFO]: Preparing spawn area: 88%
[18:15:27] [Worker-Main-9/INFO]: Preparing spawn area: 91%
[18:15:27] [Worker-Main-13/INFO]: Preparing spawn area: 91%
[18:15:27] [Server thread/INFO]: Preparing spawn area: 96%
[18:15:27] [Server thread/INFO]: Time elapsed: 11152 ms
[18:15:27] [Server thread/INFO]: Done (11.263s)! For help, type "help"
[18:15:43] [Server thread/INFO]: timetocook420[/178.71.231.3:59860] logged in with entity id 89 at (137.5, 74.0, 248.5)
[18:15:43] [Server thread/INFO]: timetocook420 joined the game
[18:18:48] [Server thread/INFO]: timetocook420 lost connection: Disconnected
[18:18:48] [Server thread/INFO]: timetocook420 left the game
